# JRE version: Java(TM) SE Runtime Environment (8.0_151-b12) (build 1.8.0_151-b12)
# Java VM: Java HotSpot(TM) 64-Bit Server VM (25.151-b12 mixed mode windows-amd64 compressed oops)
Heap:
 PSYoungGen      total 433664K, used 175295K [0x00000000d5b00000, 0x00000000f0c80000, 0x0000000100000000)
  eden space 424960K, 41% used [0x00000000d5b00000,0x00000000e060fee8,0x00000000efa00000)
  from space 8704K, 1% used [0x00000000f0300000,0x00000000f0320000,0x00000000f0b80000)
  to   space 9216K, 0% used [0x00000000efa00000,0x00000000efa00000,0x00000000f0300000)
 ParOldGen       total 87552K, used 9549K [0x0000000081000000, 0x0000000086580000, 0x00000000d5b00000)
  object space 87552K, 10% used [0x0000000081000000,0x0000000081953400,0x0000000086580000)
 Metaspace       used 10497K, capacity 10706K, committed 10880K, reserved 1058816K
  class space    used 1251K, capacity 1320K, committed 1408K, reserved 1048576K
GC Heap History (10 events):
Event: 5.752 GC heap before
{Heap before GC invocations=14 (full 0):
 PSYoungGen      total 434176K, used 425088K [0x00000000d5b00000, 0x00000000f0c80000, 0x0000000100000000)
  eden space 424960K, 100% used [0x00000000d5b00000,0x00000000efa00000,0x00000000efa00000)
  from space 9216K, 1% used [0x00000000efa00000,0x00000000efa20000,0x00000000f0300000)
  to   space 8704K, 0% used [0x00000000f0300000,0x00000000f0300000,0x00000000f0b80000)
 ParOldGen       total 87552K, used 9250K [0x0000000081000000, 0x0000000086580000, 0x00000000d5b00000)
  object space 87552K, 10% used [0x0000000081000000,0x0000000081908880,0x0000000086580000)
 Metaspace       used 10475K, capacity 10642K, committed 10880K, reserved 1058816K
  class space    used 1251K, capacity 1320K, committed 1408K, reserved 1048576K
Event: 5.754 GC heap after
Heap after GC invocations=14 (full 0):
 PSYoungGen      total 433664K, used 96K [0x00000000d5b00000, 0x00000000f0c80000, 0x0000000100000000)
  eden space 424960K, 0% used [0x00000000d5b00000,0x00000000d5b00000,0x00000000efa00000)
  from space 8704K, 1% used [0x00000000f0300000,0x00000000f0318000,0x00000000f0b80000)
  to   space 9216K, 0% used [0x00000000efa00000,0x00000000efa00000,0x00000000f0300000)
 ParOldGen       total 87552K, used 9266K [0x0000000081000000, 0x0000000086580000, 0x00000000d5b00000)
  object space 87552K, 10% used [0x0000000081000000,0x000000008190c880,0x0000000086580000)
 Metaspace       used 10475K, capacity 10642K, committed 10880K, reserved 1058816K
  class space    used 1251K, capacity 1320K, committed 1408K, reserved 1048576K
}
Event: 5.837 GC heap before
{Heap before GC invocations=15 (full 0):
 PSYoungGen      total 433664K, used 425056K [0x00000000d5b00000, 0x00000000f0c80000, 0x0000000100000000)
  eden space 424960K, 100% used [0x00000000d5b00000,0x00000000efa00000,0x00000000efa00000)
  from space 8704K, 1% used [0x00000000f0300000,0x00000000f0318000,0x00000000f0b80000)
  to   space 9216K, 0% used [0x00000000efa00000,0x00000000efa00000,0x00000000f0300000)
 ParOldGen       total 87552K, used 9499K [0x0000000081000000, 0x0000000086580000, 0x00000000d5b00000)
  object space 87552K, 10% used [0x0000000081000000,0x0000000081946d80,0x0000000086580000)
 Metaspace       used 10478K, capacity 10706K, committed 10880K, reserved 1058816K
  class space    used 1251K, capacity 1320K, committed 1408K, reserved 1048576K
Event: 5.837 GC heap after
Heap after GC invocations=15 (full 0):
 PSYoungGen      total 434176K, used 128K [0x00000000d5b00000, 0x00000000f0c80000, 0x0000000100000000)
  eden space 424960K, 0% used [0x00000000d5b00000,0x00000000d5b00000,0x00000000efa00000)
  from space 9216K, 1% used [0x00000000efa00000,0x00000000efa20000,0x00000000f0300000)
  to   space 8704K, 0% used [0x00000000f0300000,0x00000000f0300000,0x00000000f0b80000)
 ParOldGen       total 87552K, used 9523K [0x0000000081000000, 0x0000000086580000, 0x00000000d5b00000)
  object space 87552K, 10% used [0x0000000081000000,0x000000008194cd80,0x0000000086580000)
 Metaspace       used 10478K, capacity 10706K, committed 10880K, reserved 1058816K
  class space    used 1251K, capacity 1320K, committed 1408K, reserved 1048576K
}
Event: 5.950 GC heap before
{Heap before GC invocations=16 (full 0):
 PSYoungGen      total 434176K, used 425088K [0x00000000d5b00000, 0x00000000f0c80000, 0x0000000100000000)
  eden space 424960K, 100% used [0x00000000d5b00000,0x00000000efa00000,0x00000000efa00000)
  from space 9216K, 1% used [0x00000000efa00000,0x00000000efa20000,0x00000000f0300000)
  to   space 8704K, 0% used [0x00000000f0300000,0x00000000f0300000,0x00000000f0b80000)
 ParOldGen       total 87552K, used 9525K [0x0000000081000000, 0x0000000086580000, 0x00000000d5b00000)
  object space 87552K, 10% used [0x0000000081000000,0x000000008194d400,0x0000000086580000)
 Metaspace       used 10492K, capacity 10706K, committed 10880K, reserved 1058816K
  class space    used 1251K, capacity 1320K, committed 1408K, reserved 1048576K
Event: 5.951 GC heap after
Heap after GC invocations=16 (full 0):
 PSYoungGen      total 433664K, used 128K [0x00000000d5b00000, 0x00000000f0c80000, 0x0000000100000000)
  eden space 424960K, 0% used [0x00000000d5b00000,0x00000000d5b00000,0x00000000efa00000)
  from space 8704K, 1% used [0x00000000f0300000,0x00000000f0320000,0x00000000f0b80000)
  to   space 9216K, 0% used [0x00000000efa00000,0x00000000efa00000,0x00000000f0300000)
 ParOldGen       total 87552K, used 9533K [0x0000000081000000, 0x0000000086580000, 0x00000000d5b00000)
  object space 87552K, 10% used [0x0000000081000000,0x000000008194f400,0x0000000086580000)
 Metaspace       used 10492K, capacity 10706K, committed 10880K, reserved 1058816K
  class space    used 1251K, capacity 1320K, committed 1408K, reserved 1048576K
}
Event: 6.082 GC heap before
{Heap before GC invocations=17 (full 0):
 PSYoungGen      total 433664K, used 425088K [0x00000000d5b00000, 0x00000000f0c80000, 0x0000000100000000)
  eden space 424960K, 100% used [0x00000000d5b00000,0x00000000efa00000,0x00000000efa00000)
  from space 8704K, 1% used [0x00000000f0300000,0x00000000f0320000,0x00000000f0b80000)
  to   space 9216K, 0% used [0x00000000efa00000,0x00000000efa00000,0x00000000f0300000)
 ParOldGen       total 87552K, used 9533K [0x0000000081000000, 0x0000000086580000, 0x00000000d5b00000)
  object space 87552K, 10% used [0x0000000081000000,0x000000008194f400,0x0000000086580000)
 Metaspace       used 10497K, capacity 10706K, committed 10880K, reserved 1058816K
  class space    used 1251K, capacity 1320K, committed 1408K, reserved 1048576K
Event: 6.083 GC heap after
Heap after GC invocations=17 (full 0):
 PSYoungGen      total 434176K, used 128K [0x00000000d5b00000, 0x00000000f0c80000, 0x0000000100000000)
  eden space 424960K, 0% used [0x00000000d5b00000,0x00000000d5b00000,0x00000000efa00000)
  from space 9216K, 1% used [0x00000000efa00000,0x00000000efa20000,0x00000000f0300000)
  to   space 8704K, 0% used [0x00000000f0300000,0x00000000f0300000,0x00000000f0b80000)
 ParOldGen       total 87552K, used 9533K [0x0000000081000000, 0x0000000086580000, 0x00000000d5b00000)
  object space 87552K, 10% used [0x0000000081000000,0x000000008194f400,0x0000000086580000)
 Metaspace       used 10497K, capacity 10706K, committed 10880K, reserved 1058816K
  class space    used 1251K, capacity 1320K, committed 1408K, reserved 1048576K
}
Event: 6.163 GC heap before
{Heap before GC invocations=18 (full 0):
 PSYoungGen      total 434176K, used 425088K [0x00000000d5b00000, 0x00000000f0c80000, 0x0000000100000000)
  eden space 424960K, 100% used [0x00000000d5b00000,0x00000000efa00000,0x00000000efa00000)
  from space 9216K, 1% used [0x00000000efa00000,0x00000000efa20000,0x00000000f0300000)
  to   space 8704K, 0% used [0x00000000f0300000,0x00000000f0300000,0x00000000f0b80000)
 ParOldGen       total 87552K, used 9533K [0x0000000081000000, 0x0000000086580000, 0x00000000d5b00000)
  object space 87552K, 10% used [0x0000000081000000,0x000000008194f400,0x0000000086580000)
 Metaspace       used 10497K, capacity 10706K, committed 10880K, reserved 1058816K
  class space    used 1251K, capacity 1320K, committed 1408K, reserved 1048576K
Event: 6.166 GC heap after
Heap after GC invocations=18 (full 0):
 PSYoungGen      total 433664K, used 128K [0x00000000d5b00000, 0x00000000f0c80000, 0x0000000100000000)
  eden space 424960K, 0% used [0x00000000d5b00000,0x00000000d5b00000,0x00000000efa00000)
  from space 8704K, 1% used [0x00000000f0300000,0x00000000f0320000,0x00000000f0b80000)
  to   space 9216K, 0% used [0x00000000efa00000,0x00000000efa00000,0x00000000f0300000)
 ParOldGen       total 87552K, used 9549K [0x0000000081000000, 0x0000000086580000, 0x00000000d5b00000)
  object space 87552K, 10% used [0x0000000081000000,0x0000000081953400,0x0000000086580000)
 Metaspace       used 10497K, capacity 10706K, committed 10880K, reserved 1058816K
  class space    used 1251K, capacity 1320K, committed 1408K, reserved 1048576K
}

